{"C:\\Users\\Caitlin\\OneDrive\\Desktop\\MissionReady Level 5\\mission2\\M2-G7\\api2.js": {"path":"C:\\Users\\Caitlin\\OneDrive\\Desktop\\MissionReady Level 5\\mission2\\M2-G7\\api2.js","statementMap":{"0":{"start":{"line":3,"column":4},"end":{"line":5,"column":5}},"1":{"start":{"line":4,"column":8},"end":{"line":4,"column":46}},"2":{"start":{"line":7,"column":21},"end":{"line":7,"column":69}},"3":{"start":{"line":8,"column":29},"end":{"line":8,"column":55}},"4":{"start":{"line":9,"column":23},"end":{"line":11,"column":5}},"5":{"start":{"line":10,"column":8},"end":{"line":10,"column":60}},"6":{"start":{"line":13,"column":4},"end":{"line":13,"column":39}},"7":{"start":{"line":16,"column":0},"end":{"line":16,"column":41}}},"fnMap":{"0":{"name":"calculateRiskRating","decl":{"start":{"line":2,"column":9},"end":{"line":2,"column":28}},"loc":{"start":{"line":2,"column":43},"end":{"line":14,"column":1}},"line":2},"1":{"name":"(anonymous_1)","decl":{"start":{"line":9,"column":39},"end":{"line":9,"column":40}},"loc":{"start":{"line":10,"column":8},"end":{"line":10,"column":60}},"line":10}},"branchMap":{"0":{"loc":{"start":{"line":3,"column":4},"end":{"line":5,"column":5}},"type":"if","locations":[{"start":{"line":3,"column":4},"end":{"line":5,"column":5}},{"start":{},"end":{}}],"line":3},"1":{"loc":{"start":{"line":3,"column":8},"end":{"line":3,"column":70}},"type":"binary-expr","locations":[{"start":{"line":3,"column":8},"end":{"line":3,"column":40}},{"start":{"line":3,"column":44},"end":{"line":3,"column":70}}],"line":3}},"s":{"0":5,"1":2,"2":3,"3":3,"4":3,"5":15,"6":3,"7":1},"f":{"0":5,"1":15},"b":{"0":[2,3],"1":[5,4]},"_coverageSchema":"1a1c01bbd47fc00a2c39e90264f33305004495a9","hash":"0eb56e7d0b6c4f19ae167ec3a6043f5228d0cdcd"}
,"C:\\Users\\Caitlin\\OneDrive\\Desktop\\MissionReady Level 5\\mission2\\M2-G7\\server.js": {"path":"C:\\Users\\Caitlin\\OneDrive\\Desktop\\MissionReady Level 5\\mission2\\M2-G7\\server.js","statementMap":{"0":{"start":{"line":1,"column":16},"end":{"line":1,"column":34}},"1":{"start":{"line":4,"column":20},"end":{"line":4,"column":52}},"2":{"start":{"line":6,"column":12},"end":{"line":6,"column":21}},"3":{"start":{"line":9,"column":0},"end":{"line":9,"column":24}},"4":{"start":{"line":12,"column":0},"end":{"line":12,"column":29}},"5":{"start":{"line":15,"column":0},"end":{"line":15,"column":21}},"6":{"start":{"line":17,"column":13},"end":{"line":17,"column":37}},"7":{"start":{"line":19,"column":0},"end":{"line":29,"column":1}},"8":{"start":{"line":20,"column":4},"end":{"line":28,"column":7}},"9":{"start":{"line":21,"column":8},"end":{"line":21,"column":66}},"10":{"start":{"line":23,"column":8},"end":{"line":27,"column":9}},"11":{"start":{"line":24,"column":12},"end":{"line":24,"column":52}},"12":{"start":{"line":26,"column":12},"end":{"line":26,"column":50}}},"fnMap":{"0":{"name":"(anonymous_0)","decl":{"start":{"line":20,"column":21},"end":{"line":20,"column":22}},"loc":{"start":{"line":20,"column":27},"end":{"line":22,"column":5}},"line":20},"1":{"name":"(anonymous_1)","decl":{"start":{"line":22,"column":19},"end":{"line":22,"column":20}},"loc":{"start":{"line":22,"column":30},"end":{"line":28,"column":5}},"line":22}},"branchMap":{"0":{"loc":{"start":{"line":17,"column":13},"end":{"line":17,"column":37}},"type":"binary-expr","locations":[{"start":{"line":17,"column":13},"end":{"line":17,"column":29}},{"start":{"line":17,"column":33},"end":{"line":17,"column":37}}],"line":17},"1":{"loc":{"start":{"line":19,"column":0},"end":{"line":29,"column":1}},"type":"if","locations":[{"start":{"line":19,"column":0},"end":{"line":29,"column":1}},{"start":{},"end":{}}],"line":19},"2":{"loc":{"start":{"line":23,"column":8},"end":{"line":27,"column":9}},"type":"if","locations":[{"start":{"line":23,"column":8},"end":{"line":27,"column":9}},{"start":{"line":25,"column":15},"end":{"line":27,"column":9}}],"line":23}},"s":{"0":1,"1":1,"2":1,"3":1,"4":1,"5":1,"6":1,"7":1,"8":0,"9":0,"10":0,"11":0,"12":0},"f":{"0":0,"1":0},"b":{"0":[1,1],"1":[0,1],"2":[0,0]},"_coverageSchema":"1a1c01bbd47fc00a2c39e90264f33305004495a9","hash":"fb1f0d6ccfc13572ece6e6a8ed6cc34ee4e73281"}
,"C:\\Users\\Caitlin\\OneDrive\\Desktop\\MissionReady Level 5\\mission2\\M2-G7\\server2.js": {"path":"C:\\Users\\Caitlin\\OneDrive\\Desktop\\MissionReady Level 5\\mission2\\M2-G7\\server2.js","statementMap":{"0":{"start":{"line":1,"column":16},"end":{"line":1,"column":34}},"1":{"start":{"line":2,"column":32},"end":{"line":2,"column":49}},"2":{"start":{"line":4,"column":12},"end":{"line":4,"column":21}},"3":{"start":{"line":5,"column":0},"end":{"line":5,"column":24}},"4":{"start":{"line":7,"column":0},"end":{"line":20,"column":3}},"5":{"start":{"line":22,"column":13},"end":{"line":22,"column":17}},"6":{"start":{"line":23,"column":0},"end":{"line":25,"column":3}}},"fnMap":{"0":{"name":"(anonymous_0)","decl":{"start":{"line":7,"column":29},"end":{"line":7,"column":30}},"loc":{"start":{"line":7,"column":43},"end":{"line":20,"column":1}},"line":7},"1":{"name":"(anonymous_1)","decl":{"start":{"line":23,"column":17},"end":{"line":23,"column":18}},"loc":{"start":{"line":23,"column":23},"end":{"line":25,"column":1}},"line":23}},"branchMap":{},"s":{"0":1,"1":1,"2":1,"3":1,"4":1,"5":1,"6":1},"f":{"0":0,"1":0},"b":{},"_coverageSchema":"1a1c01bbd47fc00a2c39e90264f33305004495a9","hash":"d2f57537236e2859251cebf315579a8875546215"}
,"C:\\Users\\Caitlin\\OneDrive\\Desktop\\MissionReady Level 5\\mission2\\M2-G7\\controllers\\quote.controller.js": {"path":"C:\\Users\\Caitlin\\OneDrive\\Desktop\\MissionReady Level 5\\mission2\\M2-G7\\controllers\\quote.controller.js","statementMap":{"0":{"start":{"line":2,"column":22},"end":{"line":2,"column":29}},"1":{"start":{"line":3,"column":22},"end":{"line":3,"column":26}},"2":{"start":{"line":4,"column":24},"end":{"line":4,"column":25}},"3":{"start":{"line":5,"column":24},"end":{"line":5,"column":25}},"4":{"start":{"line":8,"column":22},"end":{"line":10,"column":1}},"5":{"start":{"line":9,"column":4},"end":{"line":9,"column":78}},"6":{"start":{"line":12,"column":25},"end":{"line":23,"column":1}},"7":{"start":{"line":13,"column":4},"end":{"line":15,"column":5}},"8":{"start":{"line":14,"column":8},"end":{"line":14,"column":63}},"9":{"start":{"line":16,"column":4},"end":{"line":18,"column":5}},"10":{"start":{"line":17,"column":8},"end":{"line":17,"column":75}},"11":{"start":{"line":19,"column":4},"end":{"line":21,"column":5}},"12":{"start":{"line":20,"column":8},"end":{"line":20,"column":86}},"13":{"start":{"line":22,"column":4},"end":{"line":22,"column":16}},"14":{"start":{"line":25,"column":27},"end":{"line":36,"column":1}},"15":{"start":{"line":26,"column":4},"end":{"line":28,"column":5}},"16":{"start":{"line":27,"column":8},"end":{"line":27,"column":67}},"17":{"start":{"line":29,"column":4},"end":{"line":31,"column":5}},"18":{"start":{"line":30,"column":8},"end":{"line":30,"column":81}},"19":{"start":{"line":32,"column":4},"end":{"line":34,"column":5}},"20":{"start":{"line":33,"column":8},"end":{"line":33,"column":81}},"21":{"start":{"line":35,"column":4},"end":{"line":35,"column":16}},"22":{"start":{"line":39,"column":0},"end":{"line":62,"column":2}},"23":{"start":{"line":40,"column":39},"end":{"line":40,"column":47}},"24":{"start":{"line":43,"column":26},"end":{"line":43,"column":53}},"25":{"start":{"line":44,"column":4},"end":{"line":46,"column":5}},"26":{"start":{"line":45,"column":8},"end":{"line":45,"column":62}},"27":{"start":{"line":48,"column":28},"end":{"line":48,"column":59}},"28":{"start":{"line":49,"column":4},"end":{"line":51,"column":5}},"29":{"start":{"line":50,"column":8},"end":{"line":50,"column":64}},"30":{"start":{"line":54,"column":26},"end":{"line":54,"column":69}},"31":{"start":{"line":55,"column":27},"end":{"line":55,"column":45}},"32":{"start":{"line":58,"column":4},"end":{"line":61,"column":7}}},"fnMap":{"0":{"name":"(anonymous_0)","decl":{"start":{"line":8,"column":22},"end":{"line":8,"column":23}},"loc":{"start":{"line":8,"column":33},"end":{"line":10,"column":1}},"line":8},"1":{"name":"(anonymous_1)","decl":{"start":{"line":12,"column":25},"end":{"line":12,"column":26}},"loc":{"start":{"line":12,"column":40},"end":{"line":23,"column":1}},"line":12},"2":{"name":"(anonymous_2)","decl":{"start":{"line":25,"column":27},"end":{"line":25,"column":28}},"loc":{"start":{"line":25,"column":44},"end":{"line":36,"column":1}},"line":25},"3":{"name":"(anonymous_3)","decl":{"start":{"line":39,"column":16},"end":{"line":39,"column":17}},"loc":{"start":{"line":39,"column":30},"end":{"line":62,"column":1}},"line":39}},"branchMap":{"0":{"loc":{"start":{"line":9,"column":11},"end":{"line":9,"column":77}},"type":"binary-expr","locations":[{"start":{"line":9,"column":11},"end":{"line":9,"column":36}},{"start":{"line":9,"column":40},"end":{"line":9,"column":54}},{"start":{"line":9,"column":58},"end":{"line":9,"column":77}}],"line":9},"1":{"loc":{"start":{"line":13,"column":4},"end":{"line":15,"column":5}},"type":"if","locations":[{"start":{"line":13,"column":4},"end":{"line":15,"column":5}},{"start":{},"end":{}}],"line":13},"2":{"loc":{"start":{"line":16,"column":4},"end":{"line":18,"column":5}},"type":"if","locations":[{"start":{"line":16,"column":4},"end":{"line":18,"column":5}},{"start":{},"end":{}}],"line":16},"3":{"loc":{"start":{"line":19,"column":4},"end":{"line":21,"column":5}},"type":"if","locations":[{"start":{"line":19,"column":4},"end":{"line":21,"column":5}},{"start":{},"end":{}}],"line":19},"4":{"loc":{"start":{"line":26,"column":4},"end":{"line":28,"column":5}},"type":"if","locations":[{"start":{"line":26,"column":4},"end":{"line":28,"column":5}},{"start":{},"end":{}}],"line":26},"5":{"loc":{"start":{"line":29,"column":4},"end":{"line":31,"column":5}},"type":"if","locations":[{"start":{"line":29,"column":4},"end":{"line":31,"column":5}},{"start":{},"end":{}}],"line":29},"6":{"loc":{"start":{"line":32,"column":4},"end":{"line":34,"column":5}},"type":"if","locations":[{"start":{"line":32,"column":4},"end":{"line":34,"column":5}},{"start":{},"end":{}}],"line":32},"7":{"loc":{"start":{"line":44,"column":4},"end":{"line":46,"column":5}},"type":"if","locations":[{"start":{"line":44,"column":4},"end":{"line":46,"column":5}},{"start":{},"end":{}}],"line":44},"8":{"loc":{"start":{"line":49,"column":4},"end":{"line":51,"column":5}},"type":"if","locations":[{"start":{"line":49,"column":4},"end":{"line":51,"column":5}},{"start":{},"end":{}}],"line":49}},"s":{"0":1,"1":1,"2":1,"3":1,"4":1,"5":21,"6":1,"7":14,"8":4,"9":10,"10":2,"11":8,"12":1,"13":7,"14":1,"15":7,"16":2,"17":5,"18":1,"19":4,"20":1,"21":3,"22":1,"23":14,"24":14,"25":14,"26":7,"27":7,"28":7,"29":4,"30":3,"31":3,"32":3},"f":{"0":21,"1":14,"2":7,"3":14},"b":{"0":[21,15,15],"1":[4,10],"2":[2,8],"3":[1,7],"4":[2,5],"5":[1,4],"6":[1,3],"7":[7,7],"8":[4,3]},"_coverageSchema":"1a1c01bbd47fc00a2c39e90264f33305004495a9","hash":"e9c845c0ea86156a00f7309d8123fb958256e95c"}
,"C:\\Users\\Caitlin\\OneDrive\\Desktop\\MissionReady Level 5\\mission2\\M2-G7\\routes\\quote.routes.js": {"path":"C:\\Users\\Caitlin\\OneDrive\\Desktop\\MissionReady Level 5\\mission2\\M2-G7\\routes\\quote.routes.js","statementMap":{"0":{"start":{"line":1,"column":16},"end":{"line":1,"column":34}},"1":{"start":{"line":2,"column":15},"end":{"line":2,"column":31}},"2":{"start":{"line":3,"column":18},"end":{"line":3,"column":60}},"3":{"start":{"line":6,"column":0},"end":{"line":6,"column":28}},"4":{"start":{"line":8,"column":0},"end":{"line":8,"column":24}}},"fnMap":{},"branchMap":{},"s":{"0":1,"1":1,"2":1,"3":1,"4":1},"f":{},"b":{},"_coverageSchema":"1a1c01bbd47fc00a2c39e90264f33305004495a9","hash":"71be863979e1fd52412fb28aa29b600232c90f46"}
}
