TN:
SF:api2.js
FN:2,calculateRiskRating
FN:9,(anonymous_1)
FNF:2
FNH:2
FNDA:5,calculateRiskRating
FNDA:15,(anonymous_1)
DA:3,5
DA:4,2
DA:7,3
DA:8,3
DA:9,3
DA:10,15
DA:13,3
DA:16,1
LF:8
LH:8
BRDA:3,0,0,2
BRDA:3,0,1,3
BRDA:3,1,0,5
BRDA:3,1,1,4
BRF:4
BRH:4
end_of_record
TN:
SF:server.js
FN:20,(anonymous_0)
FN:22,(anonymous_1)
FNF:2
FNH:0
FNDA:0,(anonymous_0)
FNDA:0,(anonymous_1)
DA:1,1
DA:4,1
DA:6,1
DA:9,1
DA:12,1
DA:15,1
DA:17,1
DA:19,1
DA:20,0
DA:21,0
DA:23,0
DA:24,0
DA:26,0
LF:13
LH:8
BRDA:17,0,0,1
BRDA:17,0,1,1
BRDA:19,1,0,0
BRDA:19,1,1,1
BRDA:23,2,0,0
BRDA:23,2,1,0
BRF:6
BRH:3
end_of_record
TN:
SF:server2.js
FN:7,(anonymous_0)
FN:23,(anonymous_1)
FNF:2
FNH:0
FNDA:0,(anonymous_0)
FNDA:0,(anonymous_1)
DA:1,1
DA:2,1
DA:4,1
DA:5,1
DA:7,1
DA:22,1
DA:23,1
LF:7
LH:7
BRF:0
BRH:0
end_of_record
TN:
SF:controllers\quote.controller.js
FN:8,(anonymous_0)
FN:12,(anonymous_1)
FN:25,(anonymous_2)
FN:39,(anonymous_3)
FNF:4
FNH:4
FNDA:21,(anonymous_0)
FNDA:14,(anonymous_1)
FNDA:7,(anonymous_2)
FNDA:14,(anonymous_3)
DA:2,1
DA:3,1
DA:4,1
DA:5,1
DA:8,1
DA:9,21
DA:12,1
DA:13,14
DA:14,4
DA:16,10
DA:17,2
DA:19,8
DA:20,1
DA:22,7
DA:25,1
DA:26,7
DA:27,2
DA:29,5
DA:30,1
DA:32,4
DA:33,1
DA:35,3
DA:39,1
DA:40,14
DA:43,14
DA:44,14
DA:45,7
DA:48,7
DA:49,7
DA:50,4
DA:54,3
DA:55,3
DA:58,3
LF:33
LH:33
BRDA:9,0,0,21
BRDA:9,0,1,15
BRDA:9,0,2,15
BRDA:13,1,0,4
BRDA:13,1,1,10
BRDA:16,2,0,2
BRDA:16,2,1,8
BRDA:19,3,0,1
BRDA:19,3,1,7
BRDA:26,4,0,2
BRDA:26,4,1,5
BRDA:29,5,0,1
BRDA:29,5,1,4
BRDA:32,6,0,1
BRDA:32,6,1,3
BRDA:44,7,0,7
BRDA:44,7,1,7
BRDA:49,8,0,4
BRDA:49,8,1,3
BRF:19
BRH:19
end_of_record
TN:
SF:routes\quote.routes.js
FNF:0
FNH:0
DA:1,1
DA:2,1
DA:3,1
DA:6,1
DA:8,1
LF:5
LH:5
BRF:0
BRH:0
end_of_record
