TN:
SF:server.js
FN:22,(anonymous_0)
FN:24,(anonymous_1)
FNF:2
FNH:0
FNDA:0,(anonymous_0)
FNDA:0,(anonymous_1)
DA:1,2
DA:4,2
DA:5,2
DA:7,2
DA:10,2
DA:13,2
DA:14,2
DA:17,2
DA:19,2
DA:21,2
DA:22,0
DA:23,0
DA:25,0
DA:26,0
DA:28,0
LF:15
LH:10
BRDA:19,0,0,2
BRDA:19,0,1,2
BRDA:21,1,0,0
BRDA:21,1,1,2
BRDA:25,2,0,0
BRDA:25,2,1,0
BRF:6
BRH:3
end_of_record
TN:
SF:controllers/carValue.controller.js
FN:1,(anonymous_0)
FN:24,(anonymous_1)
FNF:2
FNH:2
FNDA:5,(anonymous_0)
FNDA:6,(anonymous_1)
DA:1,2
DA:2,5
DA:5,5
DA:6,1
DA:10,4
DA:11,1
DA:15,3
DA:16,1
DA:20,2
DA:24,6
DA:26,2
DA:28,2
DA:31,2
LF:13
LH:13
BRDA:5,0,0,1
BRDA:5,0,1,4
BRDA:5,1,0,5
BRDA:5,1,1,4
BRDA:10,2,0,1
BRDA:10,2,1,3
BRDA:10,3,0,4
BRDA:10,3,1,4
BRDA:15,4,0,1
BRDA:15,4,1,2
BRDA:15,5,0,3
BRDA:15,5,1,2
BRF:12
BRH:12
end_of_record
TN:
SF:controllers/quote.controller.js
FN:8,(anonymous_0)
FN:12,(anonymous_1)
FN:25,(anonymous_2)
FN:39,(anonymous_3)
FNF:4
FNH:4
FNDA:21,(anonymous_0)
FNDA:14,(anonymous_1)
FNDA:7,(anonymous_2)
FNDA:14,(anonymous_3)
DA:2,2
DA:3,2
DA:4,2
DA:5,2
DA:8,2
DA:9,21
DA:12,2
DA:13,14
DA:14,4
DA:16,10
DA:17,2
DA:19,8
DA:20,1
DA:22,7
DA:25,2
DA:26,7
DA:27,2
DA:29,5
DA:30,1
DA:32,4
DA:33,1
DA:35,3
DA:39,2
DA:40,14
DA:43,14
DA:44,14
DA:45,7
DA:48,7
DA:49,7
DA:50,4
DA:54,3
DA:55,3
DA:58,3
LF:33
LH:33
BRDA:9,0,0,21
BRDA:9,0,1,15
BRDA:9,0,2,15
BRDA:13,1,0,4
BRDA:13,1,1,10
BRDA:16,2,0,2
BRDA:16,2,1,8
BRDA:19,3,0,1
BRDA:19,3,1,7
BRDA:26,4,0,2
BRDA:26,4,1,5
BRDA:29,5,0,1
BRDA:29,5,1,4
BRDA:32,6,0,1
BRDA:32,6,1,3
BRDA:44,7,0,7
BRDA:44,7,1,7
BRDA:49,8,0,4
BRDA:49,8,1,3
BRF:19
BRH:19
end_of_record
TN:
SF:routes/carValue.routes.js
FNF:0
FNH:0
DA:1,2
DA:2,2
DA:3,2
DA:6,2
DA:8,2
LF:5
LH:5
BRF:0
BRH:0
end_of_record
TN:
SF:routes/quote.routes.js
FNF:0
FNH:0
DA:1,2
DA:2,2
DA:3,2
DA:6,2
DA:8,2
LF:5
LH:5
BRF:0
BRH:0
end_of_record
